INFO:werkzeug:[31m[1mWARNING: This is a development server. Do not use it in a production deployment. Use a production WSGI server instead.[0m
 * Running on all addresses (0.0.0.0)
 * Running on http://127.0.0.1:5000
 * Running on http://192.168.29.11:5000
INFO:werkzeug:[33mPress CTRL+C to quit[0m
INFO:werkzeug:127.0.0.1 - - [09/Jun/2025 21:54:19] "GET / HTTP/1.1" 200 -
INFO:werkzeug:127.0.0.1 - - [09/Jun/2025 21:54:19] "GET /socket.io/?EIO=4&transport=polling&t=PTLWSp8 HTTP/1.1" 200 -
INFO:werkzeug:127.0.0.1 - - [09/Jun/2025 21:54:19] "POST /socket.io/?EIO=4&transport=polling&t=PTLWSqC&sid=qD414UxwE8qZrjg5AAAA HTTP/1.1" 200 -
INFO:werkzeug:127.0.0.1 - - [09/Jun/2025 21:54:19] "GET /socket.io/?EIO=4&transport=polling&t=PTLWSqD&sid=qD414UxwE8qZrjg5AAAA HTTP/1.1" 200 -
INFO:azure.core.pipeline.policies.http_logging_policy:Request URL: 'https://loganalyzer1.cognitiveservices.azure.com/language/:analyze-text?api-version=2023-04-01'
Request method: 'POST'
Request headers:
    'Content-Type': 'application/json'
    'Content-Length': '209'
    'Accept': 'application/json'
    'x-ms-client-request-id': '3289666a-454e-11f0-9be2-f4c88af80b14'
    'User-Agent': 'azsdk-python-ai-textanalytics/5.3.0 Python/3.10.11 (Windows-10-10.0.26100-SP0)'
    'Ocp-Apim-Subscription-Key': 'REDACTED'
A body is sent with the request
INFO:azure.core.pipeline.policies.http_logging_policy:Request URL: 'https://loganalyzer1.cognitiveservices.azure.com/language/:analyze-text?api-version=2023-04-01'
Request method: 'POST'
Request headers:
    'Content-Type': 'application/json'
    'Content-Length': '209'
    'Accept': 'application/json'
    'x-ms-client-request-id': '329fac6c-454e-11f0-8120-f4c88af80b14'
    'User-Agent': 'azsdk-python-ai-textanalytics/5.3.0 Python/3.10.11 (Windows-10-10.0.26100-SP0)'
    'Ocp-Apim-Subscription-Key': 'REDACTED'
A body is sent with the request
INFO:azure.core.pipeline.policies.http_logging_policy:Request URL: 'https://loganalyzer1.cognitiveservices.azure.com/language/:analyze-text?api-version=2023-04-01'
Request method: 'POST'
Request headers:
    'Content-Type': 'application/json'
    'Content-Length': '209'
    'Accept': 'application/json'
    'x-ms-client-request-id': '32eb7210-454e-11f0-a433-f4c88af80b14'
    'User-Agent': 'azsdk-python-ai-textanalytics/5.3.0 Python/3.10.11 (Windows-10-10.0.26100-SP0)'
    'Ocp-Apim-Subscription-Key': 'REDACTED'
A body is sent with the request
INFO:azure.core.pipeline.policies.http_logging_policy:Response status: 200
Response headers:
    'Content-Length': '397'
    'Content-Type': 'application/json; charset=utf-8'
    'csp-billing-usage': 'REDACTED'
    'x-envoy-upstream-service-time': '13'
    'Set-Cookie': 'REDACTED'
    'apim-request-id': 'a5b691f3-f293-4750-9bc4-8a2d0cdf906e'
    'Strict-Transport-Security': 'max-age=31536000; includeSubDomains; preload'
    'x-content-type-options': 'nosniff'
    'x-ms-region': 'REDACTED'
    'Date': 'Mon, 09 Jun 2025 16:24:20 GMT'
INFO:werkzeug:127.0.0.1 - - [09/Jun/2025 21:54:21] "GET /api/azure-test HTTP/1.1" 200 -
INFO:azure.core.pipeline.policies.http_logging_policy:Response status: 200
Response headers:
    'Content-Length': '397'
    'Content-Type': 'application/json; charset=utf-8'
    'csp-billing-usage': 'REDACTED'
    'x-envoy-upstream-service-time': '21'
    'Set-Cookie': 'REDACTED'
    'apim-request-id': '3751f8b5-31c2-40fc-94aa-9789c37955fe'
    'Strict-Transport-Security': 'max-age=31536000; includeSubDomains; preload'
    'x-content-type-options': 'nosniff'
    'x-ms-region': 'REDACTED'
    'Date': 'Mon, 09 Jun 2025 16:24:20 GMT'
INFO:azure.core.pipeline.policies.http_logging_policy:Response status: 200
Response headers:
    'Content-Length': '397'
    'Content-Type': 'application/json; charset=utf-8'
    'csp-billing-usage': 'REDACTED'
    'x-envoy-upstream-service-time': '12'
    'Set-Cookie': 'REDACTED'
    'apim-request-id': '2b80b480-d8e8-44b8-8353-1d4a9522a4ab'
    'Strict-Transport-Security': 'max-age=31536000; includeSubDomains; preload'
    'x-content-type-options': 'nosniff'
    'x-ms-region': 'REDACTED'
    'Date': 'Mon, 09 Jun 2025 16:24:21 GMT'
INFO:werkzeug:127.0.0.1 - - [09/Jun/2025 21:54:35] "GET /socket.io/?EIO=4&transport=websocket&sid=qD414UxwE8qZrjg5AAAA HTTP/1.1" 200 -
